<?xml version="1.0" encoding="UTF-8"?>
<coverage generated="1617971148">
  <project timestamp="1617971148">
    <package name="GarbuzIvan\LaravelGeneratorPackage\Builder">
      <file name="/Users/ivangarbuz/My/automrkt/backend/packages/garbuzivan/laravel-generator-package/src/Builder/Builder.php">
        <class name="GarbuzIvan\LaravelGeneratorPackage\Builder\Builder" namespace="GarbuzIvan\LaravelGeneratorPackage\Builder">
          <metrics complexity="19" methods="6" coveredmethods="6" conditionals="0" coveredconditionals="0" statements="31" coveredstatements="31" elements="37" coveredelements="37"/>
        </class>
        <line num="27" type="method" name="__construct" visibility="public" complexity="1" crap="1" count="7"/>
        <line num="29" type="stmt" count="7"/>
        <line num="30" type="stmt" count="7"/>
        <line num="37" type="method" name="init" visibility="public" complexity="4" crap="4" count="3"/>
        <line num="39" type="stmt" count="3"/>
        <line num="40" type="stmt" count="3"/>
        <line num="41" type="stmt" count="3"/>
        <line num="42" type="stmt" count="3"/>
        <line num="43" type="stmt" count="3"/>
        <line num="44" type="stmt" count="3"/>
        <line num="45" type="stmt" count="1"/>
        <line num="48" type="stmt" count="2"/>
        <line num="49" type="stmt" count="2"/>
        <line num="50" type="stmt" count="2"/>
        <line num="52" type="stmt" count="3"/>
        <line num="60" type="method" name="isIgnore" visibility="public" complexity="5" crap="5" count="4"/>
        <line num="62" type="stmt" count="4"/>
        <line num="63" type="stmt" count="2"/>
        <line num="65" type="stmt" count="3"/>
        <line num="66" type="stmt" count="1"/>
        <line num="68" type="stmt" count="3"/>
        <line num="75" type="method" name="initFilter" visibility="public" complexity="5" crap="5" count="7"/>
        <line num="77" type="stmt" count="7"/>
        <line num="78" type="stmt" count="2"/>
        <line num="80" type="stmt" count="5"/>
        <line num="81" type="stmt" count="5"/>
        <line num="82" type="stmt" count="5"/>
        <line num="83" type="stmt" count="1"/>
        <line num="84" type="stmt" count="1"/>
        <line num="86" type="stmt" count="5"/>
        <line num="87" type="stmt" count="5"/>
        <line num="88" type="stmt" count="5"/>
        <line num="89" type="stmt" count="5"/>
        <line num="95" type="method" name="getPackageVendor" visibility="public" complexity="2" crap="2" count="7"/>
        <line num="97" type="stmt" count="7"/>
        <line num="103" type="method" name="getPackageName" visibility="public" complexity="2" crap="2" count="6"/>
        <line num="105" type="stmt" count="6"/>
        <metrics loc="107" ncloc="84" classes="1" methods="6" coveredmethods="6" conditionals="0" coveredconditionals="0" statements="31" coveredstatements="31" elements="37" coveredelements="37"/>
      </file>
      <file name="/Users/ivangarbuz/My/automrkt/backend/packages/garbuzivan/laravel-generator-package/src/Builder/DirGenerator.php">
        <class name="GarbuzIvan\LaravelGeneratorPackage\Builder\DirGenerator" namespace="GarbuzIvan\LaravelGeneratorPackage\Builder">
          <metrics complexity="13" methods="7" coveredmethods="7" conditionals="0" coveredconditionals="0" statements="37" coveredstatements="37" elements="44" coveredelements="44"/>
        </class>
        <line num="15" type="method" name="make" visibility="public" complexity="1" crap="1" count="3"/>
        <line num="17" type="stmt" count="3"/>
        <line num="18" type="stmt" count="3"/>
        <line num="19" type="stmt" count="3"/>
        <line num="20" type="stmt" count="3"/>
        <line num="21" type="stmt" count="3"/>
        <line num="22" type="stmt" count="3"/>
        <line num="23" type="stmt" count="3"/>
        <line num="24" type="stmt" count="3"/>
        <line num="25" type="stmt" count="3"/>
        <line num="26" type="stmt" count="3"/>
        <line num="27" type="stmt" count="3"/>
        <line num="28" type="stmt" count="3"/>
        <line num="29" type="stmt" count="3"/>
        <line num="35" type="method" name="makeTests" visibility="public" complexity="2" crap="2" count="3"/>
        <line num="37" type="stmt" count="3"/>
        <line num="38" type="stmt" count="1"/>
        <line num="40" type="stmt" count="2"/>
        <line num="41" type="stmt" count="2"/>
        <line num="47" type="method" name="makeSeeds" visibility="public" complexity="2" crap="2" count="3"/>
        <line num="49" type="stmt" count="3"/>
        <line num="50" type="stmt" count="1"/>
        <line num="52" type="stmt" count="2"/>
        <line num="53" type="stmt" count="2"/>
        <line num="59" type="method" name="makeApi" visibility="public" complexity="2" crap="2" count="3"/>
        <line num="61" type="stmt" count="3"/>
        <line num="62" type="stmt" count="1"/>
        <line num="64" type="stmt" count="2"/>
        <line num="65" type="stmt" count="2"/>
        <line num="71" type="method" name="makeApiFrontend" visibility="public" complexity="2" crap="2" count="3"/>
        <line num="73" type="stmt" count="3"/>
        <line num="74" type="stmt" count="1"/>
        <line num="76" type="stmt" count="2"/>
        <line num="77" type="stmt" count="2"/>
        <line num="83" type="method" name="makeLaravelAdmin" visibility="public" complexity="2" crap="2" count="3"/>
        <line num="85" type="stmt" count="3"/>
        <line num="86" type="stmt" count="1"/>
        <line num="88" type="stmt" count="2"/>
        <line num="89" type="stmt" count="2"/>
        <line num="96" type="method" name="mkdir" visibility="public" complexity="2" crap="2" count="4"/>
        <line num="98" type="stmt" count="4"/>
        <line num="99" type="stmt" count="1"/>
        <line num="100" type="stmt" count="1"/>
        <line num="102" type="stmt" count="4"/>
        <metrics loc="104" ncloc="88" classes="1" methods="7" coveredmethods="7" conditionals="0" coveredconditionals="0" statements="37" coveredstatements="37" elements="44" coveredelements="44"/>
      </file>
      <file name="/Users/ivangarbuz/My/automrkt/backend/packages/garbuzivan/laravel-generator-package/src/Builder/FileGenerator.php">
        <class name="GarbuzIvan\LaravelGeneratorPackage\Builder\FileGenerator" namespace="GarbuzIvan\LaravelGeneratorPackage\Builder">
          <metrics complexity="9" methods="5" coveredmethods="4" conditionals="0" coveredconditionals="0" statements="34" coveredstatements="33" elements="39" coveredelements="37"/>
        </class>
        <line num="28" type="method" name="__construct" visibility="public" complexity="1" crap="1" count="2"/>
        <line num="30" type="stmt" count="2"/>
        <line num="31" type="stmt" count="2"/>
        <line num="38" type="method" name="make" visibility="public" complexity="1" crap="1" count="2"/>
        <line num="40" type="stmt" count="2"/>
        <line num="41" type="stmt" count="2"/>
        <line num="42" type="stmt" count="2"/>
        <line num="43" type="stmt" count="2"/>
        <line num="44" type="stmt" count="2"/>
        <line num="52" type="method" name="templates" visibility="public" complexity="3" crap="3.01" count="2"/>
        <line num="54" type="stmt" count="2"/>
        <line num="55" type="stmt" count="2"/>
        <line num="56" type="stmt" count="2"/>
        <line num="57" type="stmt" count="2"/>
        <line num="58" type="stmt" count="2"/>
        <line num="59" type="stmt" count="2"/>
        <line num="60" type="stmt" count="0"/>
        <line num="62" type="stmt" count="2"/>
        <line num="63" type="stmt" count="2"/>
        <line num="64" type="stmt" count="2"/>
        <line num="65" type="stmt" count="2"/>
        <line num="67" type="stmt" count="2"/>
        <line num="74" type="method" name="replacement" visibility="public" complexity="3" crap="3" count="2"/>
        <line num="76" type="stmt" count="2"/>
        <line num="77" type="stmt" count="2"/>
        <line num="86" type="stmt" count="2"/>
        <line num="87" type="stmt" count="2"/>
        <line num="88" type="stmt" count="2"/>
        <line num="89" type="stmt" count="2"/>
        <line num="90" type="stmt" count="2"/>
        <line num="91" type="stmt" count="2"/>
        <line num="92" type="stmt" count="2"/>
        <line num="93" type="stmt" count="2"/>
        <line num="95" type="stmt" count="2"/>
        <line num="102" type="method" name="spacer" visibility="public" complexity="1" crap="1" count="2"/>
        <line num="104" type="stmt" count="2"/>
        <line num="105" type="stmt" count="2"/>
        <line num="106" type="stmt" count="2"/>
        <line num="107" type="stmt" count="2"/>
        <metrics loc="109" ncloc="88" classes="1" methods="5" coveredmethods="4" conditionals="0" coveredconditionals="0" statements="34" coveredstatements="33" elements="39" coveredelements="37"/>
      </file>
      <file name="/Users/ivangarbuz/My/automrkt/backend/packages/garbuzivan/laravel-generator-package/src/Builder/Package.php">
        <class name="GarbuzIvan\LaravelGeneratorPackage\Builder\Package" namespace="GarbuzIvan\LaravelGeneratorPackage\Builder">
          <metrics complexity="37" methods="30" coveredmethods="30" conditionals="0" coveredconditionals="0" statements="62" coveredstatements="62" elements="92" coveredelements="92"/>
        </class>
        <line num="50" type="method" name="init" visibility="public" complexity="1" crap="1" count="15"/>
        <line num="52" type="stmt" count="15"/>
        <line num="53" type="stmt" count="15"/>
        <line num="54" type="stmt" count="15"/>
        <line num="55" type="stmt" count="15"/>
        <line num="56" type="stmt" count="15"/>
        <line num="57" type="stmt" count="15"/>
        <line num="59" type="stmt" count="15"/>
        <line num="60" type="stmt" count="15"/>
        <line num="61" type="stmt" count="15"/>
        <line num="62" type="stmt" count="15"/>
        <line num="63" type="stmt" count="15"/>
        <line num="65" type="stmt" count="15"/>
        <line num="66" type="stmt" count="15"/>
        <line num="67" type="stmt" count="15"/>
        <line num="69" type="stmt" count="15"/>
        <line num="76" type="method" name="setName" visibility="public" complexity="1" crap="1" count="15"/>
        <line num="78" type="stmt" count="15"/>
        <line num="79" type="stmt" count="15"/>
        <line num="86" type="method" name="setDescription" visibility="public" complexity="1" crap="1" count="15"/>
        <line num="88" type="stmt" count="15"/>
        <line num="89" type="stmt" count="15"/>
        <line num="96" type="method" name="setPackageVendor" visibility="public" complexity="1" crap="1" count="16"/>
        <line num="98" type="stmt" count="16"/>
        <line num="99" type="stmt" count="16"/>
        <line num="106" type="method" name="setPackageName" visibility="public" complexity="1" crap="1" count="16"/>
        <line num="108" type="stmt" count="16"/>
        <line num="109" type="stmt" count="16"/>
        <line num="116" type="method" name="setModel" visibility="public" complexity="1" crap="1" count="15"/>
        <line num="118" type="stmt" count="15"/>
        <line num="119" type="stmt" count="15"/>
        <line num="126" type="method" name="setTable" visibility="public" complexity="1" crap="1" count="15"/>
        <line num="128" type="stmt" count="15"/>
        <line num="129" type="stmt" count="15"/>
        <line num="136" type="method" name="setGeneratorTests" visibility="public" complexity="1" crap="1" count="16"/>
        <line num="138" type="stmt" count="16"/>
        <line num="139" type="stmt" count="16"/>
        <line num="146" type="method" name="setGeneratorSeed" visibility="public" complexity="1" crap="1" count="16"/>
        <line num="148" type="stmt" count="16"/>
        <line num="149" type="stmt" count="16"/>
        <line num="156" type="method" name="setGeneratorApi" visibility="public" complexity="1" crap="1" count="16"/>
        <line num="158" type="stmt" count="16"/>
        <line num="159" type="stmt" count="16"/>
        <line num="166" type="method" name="setGeneratorApiFrontend" visibility="public" complexity="1" crap="1" count="16"/>
        <line num="168" type="stmt" count="16"/>
        <line num="169" type="stmt" count="16"/>
        <line num="176" type="method" name="setGeneratorLaravelAdmin" visibility="public" complexity="1" crap="1" count="16"/>
        <line num="178" type="stmt" count="16"/>
        <line num="179" type="stmt" count="16"/>
        <line num="186" type="method" name="setFields" visibility="public" complexity="4" crap="4" count="15"/>
        <line num="188" type="stmt" count="15"/>
        <line num="189" type="stmt" count="1"/>
        <line num="191" type="stmt" count="15"/>
        <line num="192" type="stmt" count="15"/>
        <line num="194" type="stmt" count="15"/>
        <line num="201" type="method" name="setForm" visibility="public" complexity="1" crap="1" count="15"/>
        <line num="203" type="stmt" count="15"/>
        <line num="204" type="stmt" count="15"/>
        <line num="211" type="method" name="setFilter" visibility="public" complexity="1" crap="1" count="15"/>
        <line num="213" type="stmt" count="15"/>
        <line num="214" type="stmt" count="15"/>
        <line num="220" type="method" name="getName" visibility="public" complexity="1" crap="1" count="3"/>
        <line num="222" type="stmt" count="3"/>
        <line num="228" type="method" name="getDescripton" visibility="public" complexity="1" crap="1" count="3"/>
        <line num="230" type="stmt" count="3"/>
        <line num="236" type="method" name="getPackageVendor" visibility="public" complexity="2" crap="2" count="4"/>
        <line num="238" type="stmt" count="4"/>
        <line num="244" type="method" name="getPackageName" visibility="public" complexity="2" crap="2" count="5"/>
        <line num="246" type="stmt" count="5"/>
        <line num="252" type="method" name="getModel" visibility="public" complexity="1" crap="1" count="2"/>
        <line num="254" type="stmt" count="2"/>
        <line num="260" type="method" name="getTable" visibility="public" complexity="1" crap="1" count="2"/>
        <line num="262" type="stmt" count="2"/>
        <line num="268" type="method" name="getGeneratorTests" visibility="public" complexity="1" crap="1" count="4"/>
        <line num="270" type="stmt" count="4"/>
        <line num="276" type="method" name="getGeneratorSeed" visibility="public" complexity="1" crap="1" count="4"/>
        <line num="278" type="stmt" count="4"/>
        <line num="284" type="method" name="getGeneratorApi" visibility="public" complexity="1" crap="1" count="4"/>
        <line num="286" type="stmt" count="4"/>
        <line num="292" type="method" name="getGeneratorApiFrontend" visibility="public" complexity="1" crap="1" count="4"/>
        <line num="294" type="stmt" count="4"/>
        <line num="300" type="method" name="getGeneratorLaravelAdmin" visibility="public" complexity="1" crap="1" count="4"/>
        <line num="302" type="stmt" count="4"/>
        <line num="308" type="method" name="getFields" visibility="public" complexity="1" crap="1" count="4"/>
        <line num="310" type="stmt" count="4"/>
        <line num="316" type="method" name="getForm" visibility="public" complexity="1" crap="1" count="1"/>
        <line num="318" type="stmt" count="1"/>
        <line num="324" type="method" name="getFilter" visibility="public" complexity="1" crap="1" count="1"/>
        <line num="326" type="stmt" count="1"/>
        <line num="333" type="method" name="getPath" visibility="public" complexity="3" crap="3" count="3"/>
        <line num="335" type="stmt" count="3"/>
        <line num="336" type="stmt" count="3"/>
        <metrics loc="338" ncloc="252" classes="1" methods="30" coveredmethods="30" conditionals="0" coveredconditionals="0" statements="62" coveredstatements="62" elements="92" coveredelements="92"/>
      </file>
    </package>
    <package name="GarbuzIvan\LaravelGeneratorPackage\Builder\Components">
      <file name="/Users/ivangarbuz/My/automrkt/backend/packages/garbuzivan/laravel-generator-package/src/Builder/Components/Migration.php">
        <class name="GarbuzIvan\LaravelGeneratorPackage\Builder\Components\Migration" namespace="GarbuzIvan\LaravelGeneratorPackage\Builder\Components">
          <metrics complexity="8" methods="3" coveredmethods="3" conditionals="0" coveredconditionals="0" statements="25" coveredstatements="25" elements="28" coveredelements="28"/>
        </class>
        <line num="27" type="method" name="__construct" visibility="public" complexity="1" crap="1" count="3"/>
        <line num="29" type="stmt" count="3"/>
        <line num="30" type="stmt" count="3"/>
        <line num="36" type="method" name="make" visibility="public" complexity="2" crap="2" count="2"/>
        <line num="38" type="stmt" count="2"/>
        <line num="39" type="stmt" count="2"/>
        <line num="40" type="stmt" count="2"/>
        <line num="41" type="stmt" count="2"/>
        <line num="42" type="stmt" count="2"/>
        <line num="44" type="stmt" count="2"/>
        <line num="45" type="stmt" count="2"/>
        <line num="49" type="stmt" count="2"/>
        <line num="50" type="stmt" count="2"/>
        <line num="51" type="stmt" count="2"/>
        <line num="52" type="stmt" count="2"/>
        <line num="53" type="stmt" count="2"/>
        <line num="54" type="stmt" count="2"/>
        <line num="55" type="stmt" count="2"/>
        <line num="62" type="method" name="generationField" visibility="public" complexity="5" crap="5" count="3"/>
        <line num="64" type="stmt" count="3"/>
        <line num="65" type="stmt" count="3"/>
        <line num="66" type="stmt" count="3"/>
        <line num="67" type="stmt" count="3"/>
        <line num="68" type="stmt" count="3"/>
        <line num="69" type="stmt" count="1"/>
        <line num="71" type="stmt" count="3"/>
        <line num="72" type="stmt" count="3"/>
        <line num="73" type="stmt" count="3"/>
        <metrics loc="117" ncloc="100" classes="1" methods="3" coveredmethods="3" conditionals="0" coveredconditionals="0" statements="25" coveredstatements="25" elements="28" coveredelements="28"/>
      </file>
      <file name="/Users/ivangarbuz/My/automrkt/backend/packages/garbuzivan/laravel-generator-package/src/Builder/Components/Model.php">
        <class name="GarbuzIvan\LaravelGeneratorPackage\Builder\Components\Model" namespace="GarbuzIvan\LaravelGeneratorPackage\Builder\Components">
          <metrics complexity="12" methods="4" coveredmethods="3" conditionals="0" coveredconditionals="0" statements="52" coveredstatements="51" elements="56" coveredelements="54"/>
        </class>
        <line num="27" type="method" name="__construct" visibility="public" complexity="1" crap="1" count="5"/>
        <line num="29" type="stmt" count="5"/>
        <line num="30" type="stmt" count="5"/>
        <line num="36" type="method" name="make" visibility="public" complexity="3" crap="3" count="2"/>
        <line num="38" type="stmt" count="2"/>
        <line num="39" type="stmt" count="2"/>
        <line num="40" type="stmt" count="2"/>
        <line num="41" type="stmt" count="2"/>
        <line num="42" type="stmt" count="2"/>
        <line num="43" type="stmt" count="2"/>
        <line num="44" type="stmt" count="2"/>
        <line num="45" type="stmt" count="2"/>
        <line num="46" type="stmt" count="2"/>
        <line num="47" type="stmt" count="2"/>
        <line num="48" type="stmt" count="2"/>
        <line num="49" type="stmt" count="2"/>
        <line num="50" type="stmt" count="2"/>
        <line num="52" type="stmt" count="2"/>
        <line num="53" type="stmt" count="2"/>
        <line num="61" type="stmt" count="2"/>
        <line num="62" type="stmt" count="2"/>
        <line num="63" type="stmt" count="2"/>
        <line num="64" type="stmt" count="2"/>
        <line num="65" type="stmt" count="2"/>
        <line num="66" type="stmt" count="2"/>
        <line num="67" type="stmt" count="2"/>
        <line num="68" type="stmt" count="2"/>
        <line num="69" type="stmt" count="2"/>
        <line num="70" type="stmt" count="2"/>
        <line num="71" type="stmt" count="2"/>
        <line num="78" type="method" name="getFunction" visibility="public" complexity="2" crap="2" count="4"/>
        <line num="80" type="stmt" count="4"/>
        <line num="81" type="stmt" count="1"/>
        <line num="82" type="stmt" count="1"/>
        <line num="88" type="stmt" count="1"/>
        <line num="89" type="stmt" count="1"/>
        <line num="90" type="stmt" count="1"/>
        <line num="91" type="stmt" count="1"/>
        <line num="92" type="stmt" count="1"/>
        <line num="93" type="stmt" count="1"/>
        <line num="94" type="stmt" count="1"/>
        <line num="96" type="stmt" count="3"/>
        <line num="103" type="method" name="getRules" visibility="public" complexity="6" crap="6.02" count="3"/>
        <line num="105" type="stmt" count="3"/>
        <line num="106" type="stmt" count="3"/>
        <line num="107" type="stmt" count="3"/>
        <line num="109" type="stmt" count="3"/>
        <line num="110" type="stmt" count="1"/>
        <line num="112" type="stmt" count="3"/>
        <line num="113" type="stmt" count="1"/>
        <line num="115" type="stmt" count="3"/>
        <line num="116" type="stmt" count="1"/>
        <line num="118" type="stmt" count="3"/>
        <line num="119" type="stmt" count="3"/>
        <line num="120" type="stmt" count="3"/>
        <line num="122" type="stmt" count="0"/>
        <metrics loc="191" ncloc="171" classes="1" methods="4" coveredmethods="3" conditionals="0" coveredconditionals="0" statements="52" coveredstatements="51" elements="56" coveredelements="54"/>
      </file>
    </package>
    <package name="GarbuzIvan\LaravelGeneratorPackage\Commands">
      <file name="/Users/ivangarbuz/My/automrkt/backend/packages/garbuzivan/laravel-generator-package/src/Commands/MakeCommand.php">
        <class name="GarbuzIvan\LaravelGeneratorPackage\Commands\MakeCommand" namespace="GarbuzIvan\LaravelGeneratorPackage\Commands">
          <metrics complexity="2" methods="2" coveredmethods="2" conditionals="0" coveredconditionals="0" statements="7" coveredstatements="7" elements="9" coveredelements="9"/>
        </class>
        <line num="42" type="method" name="__construct" visibility="public" complexity="1" crap="1" count="2"/>
        <line num="44" type="stmt" count="2"/>
        <line num="45" type="stmt" count="2"/>
        <line num="52" type="method" name="handle" visibility="public" complexity="1" crap="1" count="2"/>
        <line num="54" type="stmt" count="2"/>
        <line num="55" type="stmt" count="2"/>
        <line num="56" type="stmt" count="2"/>
        <line num="57" type="stmt" count="2"/>
        <line num="58" type="stmt" count="2"/>
        <metrics loc="60" ncloc="40" classes="1" methods="2" coveredmethods="2" conditionals="0" coveredconditionals="0" statements="7" coveredstatements="7" elements="9" coveredelements="9"/>
      </file>
    </package>
    <package name="GarbuzIvan\LaravelGeneratorPackage">
      <file name="/Users/ivangarbuz/My/automrkt/backend/packages/garbuzivan/laravel-generator-package/src/Configuration.php">
        <class name="GarbuzIvan\LaravelGeneratorPackage\Configuration" namespace="GarbuzIvan\LaravelGeneratorPackage">
          <metrics complexity="11" methods="9" coveredmethods="9" conditionals="0" coveredconditionals="0" statements="21" coveredstatements="21" elements="30" coveredelements="30"/>
        </class>
        <line num="89" type="method" name="__construct" visibility="public" complexity="1" crap="1" count="67"/>
        <line num="91" type="stmt" count="67"/>
        <line num="92" type="stmt" count="67"/>
        <line num="93" type="stmt" count="67"/>
        <line num="98" type="method" name="load" visibility="public" complexity="3" crap="3" count="67"/>
        <line num="100" type="stmt" count="67"/>
        <line num="101" type="stmt" count="67"/>
        <line num="102" type="stmt" count="67"/>
        <line num="104" type="stmt" count="67"/>
        <line num="105" type="stmt" count="67"/>
        <line num="106" type="stmt" count="67"/>
        <line num="108" type="stmt" count="67"/>
        <line num="115" type="method" name="setGenerator" visibility="public" complexity="1" crap="1" count="67"/>
        <line num="117" type="stmt" count="67"/>
        <line num="118" type="stmt" count="67"/>
        <line num="125" type="method" name="setFields" visibility="public" complexity="1" crap="1" count="67"/>
        <line num="127" type="stmt" count="67"/>
        <line num="128" type="stmt" count="67"/>
        <line num="136" type="method" name="setField" visibility="public" complexity="1" crap="1" count="2"/>
        <line num="138" type="stmt" count="2"/>
        <line num="139" type="stmt" count="2"/>
        <line num="142" type="method" name="setBasePath" visibility="public" complexity="1" crap="1" count="67"/>
        <line num="144" type="stmt" count="67"/>
        <line num="145" type="stmt" count="67"/>
        <line num="151" type="method" name="getFields" visibility="public" complexity="1" crap="1" count="67"/>
        <line num="153" type="stmt" count="67"/>
        <line num="159" type="method" name="getGenerator" visibility="public" complexity="1" crap="1" count="67"/>
        <line num="161" type="stmt" count="67"/>
        <line num="167" type="method" name="getBasePath" visibility="public" complexity="1" crap="1" count="3"/>
        <line num="169" type="stmt" count="3"/>
        <metrics loc="171" ncloc="137" classes="1" methods="9" coveredmethods="9" conditionals="0" coveredconditionals="0" statements="21" coveredstatements="21" elements="30" coveredelements="30"/>
      </file>
      <file name="/Users/ivangarbuz/My/automrkt/backend/packages/garbuzivan/laravel-generator-package/src/ServiceProvider.php">
        <class name="GarbuzIvan\LaravelGeneratorPackage\ServiceProvider" namespace="GarbuzIvan\LaravelGeneratorPackage">
          <metrics complexity="5" methods="4" coveredmethods="4" conditionals="0" coveredconditionals="0" statements="18" coveredstatements="18" elements="22" coveredelements="22"/>
        </class>
        <line num="19" type="method" name="boot" visibility="public" complexity="2" crap="2" count="67"/>
        <line num="21" type="stmt" count="67"/>
        <line num="22" type="stmt" count="67"/>
        <line num="23" type="stmt" count="67"/>
        <line num="27" type="stmt" count="67"/>
        <line num="29" type="stmt" count="67"/>
        <line num="30" type="stmt" count="67"/>
        <line num="31" type="stmt" count="67"/>
        <line num="33" type="stmt" count="67"/>
        <line num="34" type="stmt" count="67"/>
        <line num="42" type="method" name="register" visibility="public" complexity="1" crap="1" count="67"/>
        <line num="45" type="stmt" count="67"/>
        <line num="46" type="stmt" count="67"/>
        <line num="48" type="stmt" count="50"/>
        <line num="49" type="stmt" count="67"/>
        <line num="51" type="stmt" count="4"/>
        <line num="52" type="stmt" count="67"/>
        <line num="53" type="stmt" count="67"/>
        <line num="58" type="method" name="configPath" visibility="protected" complexity="1" crap="1" count="67"/>
        <line num="60" type="stmt" count="67"/>
        <line num="67" type="method" name="publishPath" visibility="protected" complexity="1" crap="1" count="67"/>
        <line num="69" type="stmt" count="67"/>
        <metrics loc="71" ncloc="57" classes="1" methods="4" coveredmethods="4" conditionals="0" coveredconditionals="0" statements="18" coveredstatements="18" elements="22" coveredelements="22"/>
      </file>
    </package>
    <file name="/Users/ivangarbuz/My/automrkt/backend/packages/garbuzivan/laravel-generator-package/src/Contracts/FieldInterface.php">
      <metrics loc="265" ncloc="143" classes="0" methods="0" coveredmethods="0" conditionals="0" coveredconditionals="0" statements="0" coveredstatements="0" elements="0" coveredelements="0"/>
    </file>
    <package name="GarbuzIvan\LaravelGeneratorPackage\Exceptions">
      <file name="/Users/ivangarbuz/My/automrkt/backend/packages/garbuzivan/laravel-generator-package/src/Exceptions/FieldDoesNotExistsException.php">
        <class name="GarbuzIvan\LaravelGeneratorPackage\Exceptions\FieldDoesNotExistsException" namespace="GarbuzIvan\LaravelGeneratorPackage\Exceptions">
          <metrics complexity="0" methods="0" coveredmethods="0" conditionals="0" coveredconditionals="0" statements="0" coveredstatements="0" elements="0" coveredelements="0"/>
        </class>
        <metrics loc="10" ncloc="10" classes="0" methods="0" coveredmethods="0" conditionals="0" coveredconditionals="0" statements="0" coveredstatements="0" elements="0" coveredelements="0"/>
      </file>
    </package>
    <package name="GarbuzIvan\LaravelGeneratorPackage\Facades">
      <file name="/Users/ivangarbuz/My/automrkt/backend/packages/garbuzivan/laravel-generator-package/src/Facades/Field.php">
        <class name="GarbuzIvan\LaravelGeneratorPackage\Facades\Field" namespace="GarbuzIvan\LaravelGeneratorPackage\Facades">
          <metrics complexity="1" methods="1" coveredmethods="1" conditionals="0" coveredconditionals="0" statements="1" coveredstatements="1" elements="2" coveredelements="2"/>
        </class>
        <line num="12" type="method" name="getFacadeAccessor" visibility="protected" complexity="1" crap="1" count="49"/>
        <line num="14" type="stmt" count="49"/>
        <metrics loc="16" ncloc="14" classes="1" methods="1" coveredmethods="1" conditionals="0" coveredconditionals="0" statements="1" coveredstatements="1" elements="2" coveredelements="2"/>
      </file>
    </package>
    <package name="GarbuzIvan\LaravelGeneratorPackage\Form">
      <file name="/Users/ivangarbuz/My/automrkt/backend/packages/garbuzivan/laravel-generator-package/src/Form/Field.php">
        <class name="GarbuzIvan\LaravelGeneratorPackage\Form\Field" namespace="GarbuzIvan\LaravelGeneratorPackage\Form">
          <metrics complexity="13" methods="4" coveredmethods="4" conditionals="0" coveredconditionals="0" statements="38" coveredstatements="38" elements="42" coveredelements="42"/>
        </class>
        <line num="20" type="method" name="__construct" visibility="public" complexity="1" crap="1" count="50"/>
        <line num="22" type="stmt" count="50"/>
        <line num="23" type="stmt" count="50"/>
        <line num="31" type="method" name="findFieldClass" visibility="public" complexity="5" crap="5" count="50"/>
        <line num="33" type="stmt" count="50"/>
        <line num="34" type="stmt" count="1"/>
        <line num="36" type="stmt" count="49"/>
        <line num="37" type="stmt" count="49"/>
        <line num="38" type="stmt" count="47"/>
        <line num="40" type="stmt" count="49"/>
        <line num="41" type="stmt" count="47"/>
        <line num="43" type="stmt" count="3"/>
        <line num="54" type="method" name="__call" visibility="public" complexity="2" crap="2" count="31"/>
        <line num="56" type="stmt" count="31"/>
        <line num="58" type="stmt" count="30"/>
        <line num="60" type="stmt" count="1"/>
        <line num="69" type="method" name="loadFieldFromArray" visibility="public" complexity="5" crap="5" count="17"/>
        <line num="71" type="stmt" count="17"/>
        <line num="73" type="stmt" count="17"/>
        <line num="74" type="stmt" count="1"/>
        <line num="76" type="stmt" count="16"/>
        <line num="77" type="stmt" count="16"/>
        <line num="78" type="stmt" count="16"/>
        <line num="79" type="stmt" count="16"/>
        <line num="80" type="stmt" count="16"/>
        <line num="81" type="stmt" count="16"/>
        <line num="82" type="stmt" count="16"/>
        <line num="83" type="stmt" count="16"/>
        <line num="84" type="stmt" count="16"/>
        <line num="85" type="stmt" count="16"/>
        <line num="86" type="stmt" count="16"/>
        <line num="87" type="stmt" count="16"/>
        <line num="88" type="stmt" count="16"/>
        <line num="90" type="stmt" count="16"/>
        <line num="91" type="stmt" count="16"/>
        <line num="92" type="stmt" count="16"/>
        <line num="94" type="stmt" count="1"/>
        <line num="95" type="stmt" count="1"/>
        <line num="96" type="stmt" count="1"/>
        <line num="97" type="stmt" count="1"/>
        <line num="98" type="stmt" count="1"/>
        <line num="101" type="stmt" count="16"/>
        <metrics loc="103" ncloc="81" classes="1" methods="4" coveredmethods="4" conditionals="0" coveredconditionals="0" statements="38" coveredstatements="38" elements="42" coveredelements="42"/>
      </file>
      <file name="/Users/ivangarbuz/My/automrkt/backend/packages/garbuzivan/laravel-generator-package/src/Form/Filter.php">
        <class name="GarbuzIvan\LaravelGeneratorPackage\Form\Filter" namespace="GarbuzIvan\LaravelGeneratorPackage\Form">
          <metrics complexity="21" methods="15" coveredmethods="15" conditionals="0" coveredconditionals="0" statements="23" coveredstatements="23" elements="38" coveredelements="38"/>
        </class>
        <line num="40" type="method" name="__construct" visibility="public" complexity="1" crap="1" count="50"/>
        <line num="42" type="stmt" count="50"/>
        <line num="43" type="stmt" count="50"/>
        <line num="49" type="method" name="nullable" visibility="public" complexity="1" crap="1" count="18"/>
        <line num="51" type="stmt" count="18"/>
        <line num="52" type="stmt" count="18"/>
        <line num="59" type="method" name="unique" visibility="public" complexity="1" crap="1" count="18"/>
        <line num="61" type="stmt" count="18"/>
        <line num="62" type="stmt" count="18"/>
        <line num="69" type="method" name="setType" visibility="public" complexity="1" crap="1" count="45"/>
        <line num="71" type="stmt" count="45"/>
        <line num="72" type="stmt" count="45"/>
        <line num="79" type="method" name="setMask" visibility="public" complexity="2" crap="2" count="17"/>
        <line num="81" type="stmt" count="17"/>
        <line num="82" type="stmt" count="17"/>
        <line num="89" type="method" name="required" visibility="public" complexity="1" crap="1" count="19"/>
        <line num="91" type="stmt" count="19"/>
        <line num="92" type="stmt" count="19"/>
        <line num="99" type="method" name="max" visibility="public" complexity="2" crap="2" count="19"/>
        <line num="101" type="stmt" count="19"/>
        <line num="102" type="stmt" count="19"/>
        <line num="109" type="method" name="min" visibility="public" complexity="2" crap="2" count="19"/>
        <line num="111" type="stmt" count="19"/>
        <line num="112" type="stmt" count="19"/>
        <line num="118" type="method" name="getType" visibility="public" complexity="1" crap="1" count="6"/>
        <line num="120" type="stmt" count="6"/>
        <line num="126" type="method" name="getMask" visibility="public" complexity="2" crap="2" count="1"/>
        <line num="128" type="stmt" count="1"/>
        <line num="134" type="method" name="getRequired" visibility="public" complexity="1" crap="1" count="5"/>
        <line num="136" type="stmt" count="5"/>
        <line num="142" type="method" name="getMax" visibility="public" complexity="2" crap="2" count="5"/>
        <line num="144" type="stmt" count="5"/>
        <line num="150" type="method" name="getMin" visibility="public" complexity="2" crap="2" count="5"/>
        <line num="152" type="stmt" count="5"/>
        <line num="158" type="method" name="getNullable" visibility="public" complexity="1" crap="1" count="5"/>
        <line num="160" type="stmt" count="5"/>
        <line num="166" type="method" name="getUnique" visibility="public" complexity="1" crap="1" count="5"/>
        <line num="168" type="stmt" count="5"/>
        <metrics loc="170" ncloc="124" classes="1" methods="15" coveredmethods="15" conditionals="0" coveredconditionals="0" statements="23" coveredstatements="23" elements="38" coveredelements="38"/>
      </file>
      <file name="/Users/ivangarbuz/My/automrkt/backend/packages/garbuzivan/laravel-generator-package/src/Form/Form.php">
        <class name="GarbuzIvan\LaravelGeneratorPackage\Form\Form" namespace="GarbuzIvan\LaravelGeneratorPackage\Form">
          <metrics complexity="1" methods="1" coveredmethods="1" conditionals="0" coveredconditionals="0" statements="2" coveredstatements="2" elements="3" coveredelements="3"/>
        </class>
        <line num="17" type="method" name="__construct" visibility="public" complexity="1" crap="1" count="4"/>
        <line num="19" type="stmt" count="4"/>
        <line num="20" type="stmt" count="4"/>
        <metrics loc="21" ncloc="18" classes="1" methods="1" coveredmethods="1" conditionals="0" coveredconditionals="0" statements="2" coveredstatements="2" elements="3" coveredelements="3"/>
      </file>
    </package>
    <package name="GarbuzIvan\LaravelGeneratorPackage\Form\Fields">
      <file name="/Users/ivangarbuz/My/automrkt/backend/packages/garbuzivan/laravel-generator-package/src/Form/Fields/FieldAbstract.php">
        <class name="GarbuzIvan\LaravelGeneratorPackage\Form\Fields\FieldAbstract" namespace="GarbuzIvan\LaravelGeneratorPackage\Form\Fields">
          <metrics complexity="63" methods="44" coveredmethods="43" conditionals="0" coveredconditionals="0" statements="76" coveredstatements="74" elements="120" coveredelements="117"/>
        </class>
        <line num="55" type="method" name="init" visibility="public" complexity="6" crap="6.22" count="46"/>
        <line num="57" type="stmt" count="46"/>
        <line num="58" type="stmt" count="1"/>
        <line num="60" type="stmt" count="45"/>
        <line num="61" type="stmt" count="1"/>
        <line num="63" type="stmt" count="44"/>
        <line num="64" type="stmt" count="44"/>
        <line num="65" type="stmt" count="44"/>
        <line num="67" type="stmt" count="44"/>
        <line num="70" type="stmt" count="0"/>
        <line num="74" type="stmt" count="0"/>
        <line num="76" type="stmt" count="44"/>
        <line num="83" type="method" name="setLabel" visibility="public" complexity="1" crap="1" count="44"/>
        <line num="85" type="stmt" count="44"/>
        <line num="86" type="stmt" count="44"/>
        <line num="93" type="method" name="setType" visibility="public" complexity="1" crap="1" count="44"/>
        <line num="95" type="stmt" count="44"/>
        <line num="96" type="stmt" count="44"/>
        <line num="103" type="method" name="setCast" visibility="public" complexity="1" crap="1" count="42"/>
        <line num="105" type="stmt" count="42"/>
        <line num="106" type="stmt" count="42"/>
        <line num="113" type="method" name="setMask" visibility="public" complexity="2" crap="2" count="17"/>
        <line num="115" type="stmt" count="17"/>
        <line num="116" type="stmt" count="17"/>
        <line num="123" type="method" name="setPlaceholder" visibility="public" complexity="2" crap="2" count="17"/>
        <line num="125" type="stmt" count="17"/>
        <line num="126" type="stmt" count="17"/>
        <line num="134" type="method" name="setSaving" visibility="public" complexity="1" crap="1" count="1"/>
        <line num="136" type="stmt" count="1"/>
        <line num="137" type="stmt" count="1"/>
        <line num="145" type="method" name="setSaved" visibility="public" complexity="1" crap="1" count="1"/>
        <line num="147" type="stmt" count="1"/>
        <line num="148" type="stmt" count="1"/>
        <line num="156" type="method" name="setView" visibility="public" complexity="1" crap="1" count="1"/>
        <line num="158" type="stmt" count="1"/>
        <line num="159" type="stmt" count="1"/>
        <line num="167" type="method" name="setViewGrid" visibility="public" complexity="1" crap="1" count="1"/>
        <line num="169" type="stmt" count="1"/>
        <line num="170" type="stmt" count="1"/>
        <line num="177" type="method" name="required" visibility="public" complexity="1" crap="1" count="18"/>
        <line num="179" type="stmt" count="18"/>
        <line num="180" type="stmt" count="18"/>
        <line num="187" type="method" name="max" visibility="public" complexity="2" crap="2" count="18"/>
        <line num="189" type="stmt" count="18"/>
        <line num="190" type="stmt" count="18"/>
        <line num="197" type="method" name="min" visibility="public" complexity="2" crap="2" count="18"/>
        <line num="199" type="stmt" count="18"/>
        <line num="200" type="stmt" count="18"/>
        <line num="207" type="method" name="default" visibility="public" complexity="1" crap="1" count="17"/>
        <line num="209" type="stmt" count="17"/>
        <line num="210" type="stmt" count="17"/>
        <line num="221" type="method" name="references" visibility="public" complexity="3" crap="3" count="5"/>
        <line num="223" type="stmt" count="5"/>
        <line num="224" type="stmt" count="1"/>
        <line num="226" type="stmt" count="4"/>
        <line num="227" type="stmt" count="4"/>
        <line num="233" type="method" name="referencesDisabled" visibility="public" complexity="1" crap="1" count="1"/>
        <line num="235" type="stmt" count="1"/>
        <line num="236" type="stmt" count="1"/>
        <line num="243" type="method" name="index" visibility="public" complexity="1" crap="1" count="17"/>
        <line num="245" type="stmt" count="17"/>
        <line num="246" type="stmt" count="17"/>
        <line num="253" type="method" name="nullable" visibility="public" complexity="1" crap="1" count="17"/>
        <line num="255" type="stmt" count="17"/>
        <line num="256" type="stmt" count="17"/>
        <line num="263" type="method" name="fillable" visibility="public" complexity="1" crap="1" count="17"/>
        <line num="265" type="stmt" count="17"/>
        <line num="266" type="stmt" count="17"/>
        <line num="273" type="method" name="unique" visibility="public" complexity="1" crap="1" count="17"/>
        <line num="275" type="stmt" count="17"/>
        <line num="276" type="stmt" count="17"/>
        <line num="283" type="method" name="hidden" visibility="public" complexity="1" crap="1" count="17"/>
        <line num="285" type="stmt" count="17"/>
        <line num="286" type="stmt" count="17"/>
        <line num="292" type="method" name="getLabel" visibility="public" complexity="1" crap="1" count="5"/>
        <line num="294" type="stmt" count="5"/>
        <line num="300" type="method" name="getColumn" visibility="public" complexity="1" crap="1" count="10"/>
        <line num="302" type="stmt" count="10"/>
        <line num="308" type="method" name="getType" visibility="public" complexity="1" crap="1" count="5"/>
        <line num="310" type="stmt" count="5"/>
        <line num="316" type="method" name="getCast" visibility="public" complexity="2" crap="2" count="3"/>
        <line num="318" type="stmt" count="3"/>
        <line num="324" type="method" name="getMask" visibility="public" complexity="2" crap="2" count="1"/>
        <line num="326" type="stmt" count="1"/>
        <line num="332" type="method" name="getReferencesModel" visibility="public" complexity="2" crap="2" count="2"/>
        <line num="334" type="stmt" count="2"/>
        <line num="340" type="method" name="getReferencesTable" visibility="public" complexity="2" crap="2" count="5"/>
        <line num="342" type="stmt" count="5"/>
        <line num="348" type="method" name="getReferencesField" visibility="public" complexity="2" crap="2" count="6"/>
        <line num="350" type="stmt" count="6"/>
        <line num="356" type="method" name="getReferencesHas" visibility="public" complexity="1" crap="1" count="2"/>
        <line num="358" type="stmt" count="2"/>
        <line num="364" type="method" name="getPlaceholder" visibility="public" complexity="2" crap="2" count="1"/>
        <line num="366" type="stmt" count="1"/>
        <line num="372" type="method" name="getDefault" visibility="public" complexity="1" crap="1" count="1"/>
        <line num="374" type="stmt" count="1"/>
        <line num="380" type="method" name="getFillable" visibility="public" complexity="1" crap="1" count="1"/>
        <line num="382" type="stmt" count="1"/>
        <line num="388" type="method" name="isHidden" visibility="public" complexity="1" crap="1" count="3"/>
        <line num="390" type="stmt" count="3"/>
        <line num="396" type="method" name="isRequired" visibility="public" complexity="1" crap="1" count="4"/>
        <line num="398" type="stmt" count="4"/>
        <line num="404" type="method" name="getMax" visibility="public" complexity="2" crap="2" count="4"/>
        <line num="406" type="stmt" count="4"/>
        <line num="412" type="method" name="getMin" visibility="public" complexity="2" crap="2" count="4"/>
        <line num="414" type="stmt" count="4"/>
        <line num="420" type="method" name="isIndex" visibility="public" complexity="1" crap="1" count="4"/>
        <line num="422" type="stmt" count="4"/>
        <line num="429" type="method" name="saving" visibility="public" complexity="1" crap="1" count="1"/>
        <line num="431" type="stmt" count="1"/>
        <line num="438" type="method" name="saved" visibility="public" complexity="1" crap="1" count="1"/>
        <line num="440" type="stmt" count="1"/>
        <line num="447" type="method" name="view" visibility="public" complexity="1" crap="1" count="1"/>
        <line num="449" type="stmt" count="1"/>
        <line num="456" type="method" name="viewGrid" visibility="public" complexity="1" crap="1" count="1"/>
        <line num="458" type="stmt" count="1"/>
        <line num="464" type="method" name="isNullable" visibility="public" complexity="1" crap="1" count="4"/>
        <line num="466" type="stmt" count="4"/>
        <line num="472" type="method" name="isUnique" visibility="public" complexity="1" crap="1" count="4"/>
        <line num="474" type="stmt" count="4"/>
        <metrics loc="476" ncloc="342" classes="1" methods="44" coveredmethods="43" conditionals="0" coveredconditionals="0" statements="76" coveredstatements="74" elements="120" coveredelements="117"/>
      </file>
      <file name="/Users/ivangarbuz/My/automrkt/backend/packages/garbuzivan/laravel-generator-package/src/Form/Fields/FloatField.php">
        <class name="GarbuzIvan\LaravelGeneratorPackage\Form\Fields\FloatField" namespace="GarbuzIvan\LaravelGeneratorPackage\Form\Fields">
          <metrics complexity="1" methods="1" coveredmethods="1" conditionals="0" coveredconditionals="0" statements="3" coveredstatements="3" elements="4" coveredelements="4"/>
        </class>
        <line num="18" type="method" name="init" visibility="public" complexity="1" crap="1" count="2"/>
        <line num="20" type="stmt" count="2"/>
        <line num="21" type="stmt" count="2"/>
        <line num="22" type="stmt" count="2"/>
        <metrics loc="24" ncloc="19" classes="1" methods="1" coveredmethods="1" conditionals="0" coveredconditionals="0" statements="3" coveredstatements="3" elements="4" coveredelements="4"/>
      </file>
      <file name="/Users/ivangarbuz/My/automrkt/backend/packages/garbuzivan/laravel-generator-package/src/Form/Fields/IntegerField.php">
        <class name="GarbuzIvan\LaravelGeneratorPackage\Form\Fields\IntegerField" namespace="GarbuzIvan\LaravelGeneratorPackage\Form\Fields">
          <metrics complexity="1" methods="1" coveredmethods="1" conditionals="0" coveredconditionals="0" statements="4" coveredstatements="4" elements="5" coveredelements="5"/>
        </class>
        <line num="18" type="method" name="init" visibility="public" complexity="1" crap="1" count="1"/>
        <line num="20" type="stmt" count="1"/>
        <line num="21" type="stmt" count="1"/>
        <line num="22" type="stmt" count="1"/>
        <line num="23" type="stmt" count="1"/>
        <metrics loc="25" ncloc="20" classes="1" methods="1" coveredmethods="1" conditionals="0" coveredconditionals="0" statements="4" coveredstatements="4" elements="5" coveredelements="5"/>
      </file>
      <file name="/Users/ivangarbuz/My/automrkt/backend/packages/garbuzivan/laravel-generator-package/src/Form/Fields/StringField.php">
        <class name="GarbuzIvan\LaravelGeneratorPackage\Form\Fields\StringField" namespace="GarbuzIvan\LaravelGeneratorPackage\Form\Fields">
          <metrics complexity="1" methods="1" coveredmethods="1" conditionals="0" coveredconditionals="0" statements="4" coveredstatements="4" elements="5" coveredelements="5"/>
        </class>
        <line num="18" type="method" name="init" visibility="public" complexity="1" crap="1" count="1"/>
        <line num="20" type="stmt" count="1"/>
        <line num="21" type="stmt" count="1"/>
        <line num="22" type="stmt" count="1"/>
        <line num="23" type="stmt" count="1"/>
        <metrics loc="25" ncloc="20" classes="1" methods="1" coveredmethods="1" conditionals="0" coveredconditionals="0" statements="4" coveredstatements="4" elements="5" coveredelements="5"/>
      </file>
      <file name="/Users/ivangarbuz/My/automrkt/backend/packages/garbuzivan/laravel-generator-package/src/Form/Fields/TextField.php">
        <class name="GarbuzIvan\LaravelGeneratorPackage\Form\Fields\TextField" namespace="GarbuzIvan\LaravelGeneratorPackage\Form\Fields">
          <metrics complexity="1" methods="1" coveredmethods="1" conditionals="0" coveredconditionals="0" statements="4" coveredstatements="4" elements="5" coveredelements="5"/>
        </class>
        <line num="18" type="method" name="init" visibility="public" complexity="1" crap="1" count="42"/>
        <line num="20" type="stmt" count="42"/>
        <line num="21" type="stmt" count="40"/>
        <line num="22" type="stmt" count="40"/>
        <line num="23" type="stmt" count="40"/>
        <metrics loc="25" ncloc="20" classes="1" methods="1" coveredmethods="1" conditionals="0" coveredconditionals="0" statements="4" coveredstatements="4" elements="5" coveredelements="5"/>
      </file>
    </package>
    <metrics files="20" loc="2428" ncloc="1828" classes="18" methods="139" coveredmethods="136" conditionals="0" coveredconditionals="0" statements="442" coveredstatements="438" elements="581" coveredelements="574"/>
  </project>
</coverage>
